<?xml version="1.0" encoding="UTF-8"?>
<!-- Generated by org.testng.reporters.JUnitReportReporter -->
<testsuite hostname="windows7-PC" name="org.openqa.selenium.First_Jenkins_Demo" tests="1" failures="0" timestamp="11 Apr 2020 13:06:39 GMT" time="15.710" errors="0">
  <testcase name="test1" time="15.710" classname="org.openqa.selenium.First_Jenkins_Demo"/>
</testsuite> <!-- org.openqa.selenium.First_Jenkins_Demo -->
