<?xml version="1.0" encoding="UTF-8"?>
<!-- Generated by org.testng.reporters.JUnitReportReporter -->
<testsuite hostname="windows7-PC" name="Jenkins_Integration.First_Jenkins_Demo" tests="1" failures="0" timestamp="10 Apr 2020 04:40:26 GMT" time="2.560" errors="0">
  <testcase name="test1" time="2.560" classname="Jenkins_Integration.First_Jenkins_Demo"/>
</testsuite> <!-- Jenkins_Integration.First_Jenkins_Demo -->
