<?xml version="1.0" encoding="UTF-8"?>
<!-- Generated by org.testng.reporters.JUnitReportReporter -->
<testsuite hostname="windows7-PC" name="Jenkins_Integration.Jen_Demo" tests="1" failures="0" timestamp="11 Apr 2020 04:28:22 GMT" time="0.019" errors="0">
  <testcase name="f" time="0.019" classname="Jenkins_Integration.Jen_Demo"/>
</testsuite> <!-- Jenkins_Integration.Jen_Demo -->
